<?xml version="1.0" encoding="UTF-8"?>
<!-- Generated by org.testng.reporters.JUnitXMLReporter -->
<testsuite ignored="0" hostname="Sekhar-PC" failures="0" tests="0" time="0.032" errors="0" timestamp="23 Nov 2019 05:43:03 GMT">
  <testcase classname="Base.TestBase" name="@AfterTest teardownTest" time="0.004">
    <failure type="java.lang.NullPointerException">
      <![CDATA[java.lang.NullPointerException
at Base.TestBase.teardownTest(TestBase.java:129)
... Removed 29 stack frames]]>
    </failure>
  </testcase> <!-- @AfterTest teardownTest -->
</testsuite>
