<?xml version="1.0" encoding="UTF-8"?>
<!-- Generated by org.testng.reporters.JUnitXMLReporter -->
<testsuite ignored="2" hostname="Sekhar-PC" failures="0" tests="4" name="IETest" time="72.246" errors="0" timestamp="04 Dec 2019 04:16:59 GMT">
  <testcase classname="TestCases.TC1" name="step1" time="0.039"/>
  <testcase classname="TestCases.TC1" name="step2" time="0.739"/>
  <testcase classname="TestCases.TC2" name="step1" time="0.001"/>
  <testcase classname="TestCases.TC2" name="step2" time="1.045"/>
  <testcase classname="Base.TestBase" name="@AfterTest teardownTest" time="0.0">
    <ignored/>
  </testcase> <!-- @AfterTest teardownTest -->
  <testcase classname="Base.TestBase" name="@BeforeSuite extentReportSetup" time="0.0">
    <ignored/>
  </testcase> <!-- @BeforeSuite extentReportSetup -->
</testsuite> <!-- IETest -->
