<?xml version="1.0" encoding="UTF-8"?>
<testsuite xmlns:xsi="http://www.w3.org/2001/XMLSchema-instance" xsi:noNamespaceSchemaLocation="https://maven.apache.org/surefire/maven-surefire-plugin/xsd/surefire-test-report-3.0.xsd" version="3.0" name="TestSuite" time="45.277" tests="4" errors="0" skipped="0" failures="2">
  <properties>
[...]
</properties>
  <testcase name="step1" classname="TestCases.TC1" time="1.68"/>
  <testcase name="step1" classname="TestCases.TC1" time="0.078"/>
  <testcase name="step1" classname="TestCases.TC2" time="0.012">
    <failure message="expected [false] but found [true]" type="java.lang.AssertionError">java.lang.AssertionError: expected [false] but found [true]
	at TestCases.TC2.step1(TC2.java:19)
</failure>
    <system-out><![CDATA[===== I am after method Method ======
===== I am BeforeMethod =====
step1 Started In IE
===== I am BeforeMethod =====
step1 Started In ch
STEP 1 in TESTCASE 2
]]></system-out>
    <system-err><![CDATA[Started InternetExplorerDriver server (64-bit)
3.14.0.0
Listening on port 25214
Only local connections are allowed
Starting ChromeDriver 78.0.3904.70 (edb9c9f3de0247fd912a77b7f6cae7447f6d3ad5-refs/branch-heads/3904@{#800}) on port 30599
Only local connections are allowed.
Please protect ports used by ChromeDriver and related test frameworks to prevent access by malicious code.
Dec 04, 2019 12:17:36 PM org.openqa.selenium.remote.ProtocolHandshake createSession
INFO: Detected dialect: W3C
[1575442057.628][WARNING]: Timed out connecting to Chrome, retrying...
Dec 04, 2019 12:17:39 PM org.openqa.selenium.remote.ProtocolHandshake createSession
INFO: Detected dialect: W3C
[1575442061.756][WARNING]: Timed out connecting to Chrome, retrying...
]]></system-err>
  </testcase>
  <testcase name="step1" classname="TestCases.TC2" time="0.008">
    <failure message="expected [false] but found [true]" type="java.lang.AssertionError">java.lang.AssertionError: expected [false] but found [true]
	at TestCases.TC2.step1(TC2.java:19)
</failure>
    <system-out><![CDATA[===== I am after method Method ======
STEP 1 in TESTCASE 2
]]></system-out>
  </testcase>
</testsuite>