<?xml version="1.0" encoding="UTF-8"?>
<testng-results ignored="4" total="12" passed="8" failed="0" skipped="0">
  <reporter-output>
  </reporter-output>
  <suite started-at="2019-12-04T04:15:46Z" name="Suite" finished-at="2019-12-04T04:17:13Z" duration-ms="87081">
    <groups>
      <group name="regression">
        <method signature="TC1.step2(java.lang.reflect.Method)[pri:0, instance:TestCases.TC1@6b1274d2]" name="step2" class="TestCases.TC1"/>
        <method signature="TC2.step2(java.lang.reflect.Method)[pri:0, instance:TestCases.TC2@525b461a]" name="step2" class="TestCases.TC2"/>
        <method signature="TC1.step2(java.lang.reflect.Method)[pri:0, instance:TestCases.TC1@57175e74]" name="step2" class="TestCases.TC1"/>
        <method signature="TC2.step2(java.lang.reflect.Method)[pri:0, instance:TestCases.TC2@7bb58ca3]" name="step2" class="TestCases.TC2"/>
      </group> <!-- regression -->
      <group name="smoke">
        <method signature="TC1.step1(java.lang.reflect.Method)[pri:0, instance:TestCases.TC1@6b1274d2]" name="step1" class="TestCases.TC1"/>
        <method signature="TC2.step1(java.lang.reflect.Method)[pri:0, instance:TestCases.TC2@525b461a]" name="step1" class="TestCases.TC2"/>
        <method signature="TC1.step1(java.lang.reflect.Method)[pri:0, instance:TestCases.TC1@57175e74]" name="step1" class="TestCases.TC1"/>
        <method signature="TC2.step1(java.lang.reflect.Method)[pri:0, instance:TestCases.TC2@7bb58ca3]" name="step1" class="TestCases.TC2"/>
      </group> <!-- smoke -->
    </groups>
    <test started-at="2019-12-04T04:15:46Z" name="IETest" finished-at="2019-12-04T04:16:59Z" duration-ms="72246">
      <class name="TestCases.TC2">
        <test-method is-config="true" signature="beforeClass(org.testng.ITestContext)[pri:0, instance:TestCases.TC2@7bb58ca3]" started-at="2019-12-04T04:16:25Z" name="beforeClass" finished-at="2019-12-04T04:16:25Z" duration-ms="0" status="PASS">
          <params>
            <param index="0">
              <value>
                <![CDATA[org.testng.TestRunner@76505305]]>
              </value>
            </param>
          </params>
          <reporter-output>
          </reporter-output>
        </test-method> <!-- beforeClass -->
        <test-method is-config="true" signature="setupMetod(java.lang.reflect.Method, java.lang.String)[pri:0, instance:TestCases.TC2@7bb58ca3]" started-at="2019-12-04T04:16:25Z" name="setupMetod" finished-at="2019-12-04T04:16:40Z" duration-ms="14563" status="PASS">
          <params>
            <param index="0">
              <value>
                <![CDATA[public void TestCases.TC2.step1(java.lang.reflect.Method)]]>
              </value>
            </param>
            <param index="1">
              <value>
                <![CDATA[IE]]>
              </value>
            </param>
          </params>
          <reporter-output>
          </reporter-output>
        </test-method> <!-- setupMetod -->
        <test-method signature="step1(java.lang.reflect.Method)[pri:0, instance:TestCases.TC2@7bb58ca3]" started-at="2019-12-04T04:16:40Z" name="step1" finished-at="2019-12-04T04:16:40Z" duration-ms="1" status="PASS">
          <params>
            <param index="0">
              <value>
                <![CDATA[public void TestCases.TC2.step1(java.lang.reflect.Method)]]>
              </value>
            </param>
          </params>
          <reporter-output>
          </reporter-output>
        </test-method> <!-- step1 -->
        <test-method is-config="true" signature="teardownMetod(org.testng.ITestResult)[pri:0, instance:TestCases.TC2@7bb58ca3]" started-at="2019-12-04T04:16:40Z" name="teardownMetod" finished-at="2019-12-04T04:16:40Z" duration-ms="391" status="PASS">
          <params>
            <param index="0">
              <value>
                <![CDATA[[TestResult name=step1 status=SUCCESS method=TC2.step1(java.lang.reflect.Method)[pri:0, instance:TestCases.TC2@7bb58ca3] output={null}]]]>
              </value>
            </param>
          </params>
          <reporter-output>
          </reporter-output>
        </test-method> <!-- teardownMetod -->
        <test-method is-config="true" signature="setupMetod(java.lang.reflect.Method, java.lang.String)[pri:0, instance:TestCases.TC2@7bb58ca3]" started-at="2019-12-04T04:16:40Z" name="setupMetod" finished-at="2019-12-04T04:16:57Z" duration-ms="16243" status="PASS">
          <params>
            <param index="0">
              <value>
                <![CDATA[public void TestCases.TC2.step2(java.lang.reflect.Method)]]>
              </value>
            </param>
            <param index="1">
              <value>
                <![CDATA[IE]]>
              </value>
            </param>
          </params>
          <reporter-output>
          </reporter-output>
        </test-method> <!-- setupMetod -->
        <test-method signature="step2(java.lang.reflect.Method)[pri:0, instance:TestCases.TC2@7bb58ca3]" started-at="2019-12-04T04:16:57Z" name="step2" finished-at="2019-12-04T04:16:58Z" duration-ms="1045" status="PASS">
          <params>
            <param index="0">
              <value>
                <![CDATA[public void TestCases.TC2.step2(java.lang.reflect.Method)]]>
              </value>
            </param>
          </params>
          <reporter-output>
          </reporter-output>
        </test-method> <!-- step2 -->
        <test-method is-config="true" signature="teardownMetod(org.testng.ITestResult)[pri:0, instance:TestCases.TC2@7bb58ca3]" started-at="2019-12-04T04:16:58Z" name="teardownMetod" finished-at="2019-12-04T04:16:58Z" duration-ms="286" status="PASS">
          <params>
            <param index="0">
              <value>
                <![CDATA[[TestResult name=step2 status=SUCCESS method=TC2.step2(java.lang.reflect.Method)[pri:0, instance:TestCases.TC2@7bb58ca3] output={null}]]]>
              </value>
            </param>
          </params>
          <reporter-output>
          </reporter-output>
        </test-method> <!-- teardownMetod -->
        <test-method is-config="true" signature="flushReport()[pri:0, instance:TestCases.TC2@7bb58ca3]" started-at="2019-12-04T04:16:58Z" name="flushReport" finished-at="2019-12-04T04:16:58Z" duration-ms="1" status="PASS">
          <reporter-output>
          </reporter-output>
        </test-method> <!-- flushReport -->
      </class> <!-- TestCases.TC2 -->
      <class name="TestCases.TC1">
        <test-method is-config="true" signature="extentReportSetup()[pri:0, instance:TestCases.TC1@57175e74]" started-at="2019-12-04T04:15:46Z" name="extentReportSetup" description="test" finished-at="2019-12-04T04:15:46Z" duration-ms="276" status="PASS">
          <reporter-output>
          </reporter-output>
        </test-method> <!-- extentReportSetup -->
        <test-method is-config="true" signature="beforeClass(org.testng.ITestContext)[pri:0, instance:TestCases.TC1@57175e74]" started-at="2019-12-04T04:15:46Z" name="beforeClass" finished-at="2019-12-04T04:15:46Z" duration-ms="18" status="PASS">
          <params>
            <param index="0">
              <value>
                <![CDATA[org.testng.TestRunner@76505305]]>
              </value>
            </param>
          </params>
          <reporter-output>
          </reporter-output>
        </test-method> <!-- beforeClass -->
        <test-method is-config="true" signature="setupMetod(java.lang.reflect.Method, java.lang.String)[pri:0, instance:TestCases.TC1@57175e74]" started-at="2019-12-04T04:15:46Z" name="setupMetod" finished-at="2019-12-04T04:16:04Z" duration-ms="17540" status="PASS">
          <params>
            <param index="0">
              <value>
                <![CDATA[public void TestCases.TC1.step1(java.lang.reflect.Method)]]>
              </value>
            </param>
            <param index="1">
              <value>
                <![CDATA[IE]]>
              </value>
            </param>
          </params>
          <reporter-output>
          </reporter-output>
        </test-method> <!-- setupMetod -->
        <test-method signature="step1(java.lang.reflect.Method)[pri:0, instance:TestCases.TC1@57175e74]" started-at="2019-12-04T04:16:04Z" name="step1" finished-at="2019-12-04T04:16:04Z" duration-ms="39" status="PASS">
          <params>
            <param index="0">
              <value>
                <![CDATA[public void TestCases.TC1.step1(java.lang.reflect.Method)]]>
              </value>
            </param>
          </params>
          <reporter-output>
          </reporter-output>
        </test-method> <!-- step1 -->
        <test-method is-config="true" signature="teardownMetod(org.testng.ITestResult)[pri:0, instance:TestCases.TC1@57175e74]" started-at="2019-12-04T04:16:04Z" name="teardownMetod" finished-at="2019-12-04T04:16:06Z" duration-ms="2586" status="PASS">
          <params>
            <param index="0">
              <value>
                <![CDATA[[TestResult name=step1 status=SUCCESS method=TC1.step1(java.lang.reflect.Method)[pri:0, instance:TestCases.TC1@57175e74] output={null}]]]>
              </value>
            </param>
          </params>
          <reporter-output>
          </reporter-output>
        </test-method> <!-- teardownMetod -->
        <test-method is-config="true" signature="setupMetod(java.lang.reflect.Method, java.lang.String)[pri:0, instance:TestCases.TC1@57175e74]" started-at="2019-12-04T04:16:06Z" name="setupMetod" finished-at="2019-12-04T04:16:24Z" duration-ms="17636" status="PASS">
          <params>
            <param index="0">
              <value>
                <![CDATA[public void TestCases.TC1.step2(java.lang.reflect.Method)]]>
              </value>
            </param>
            <param index="1">
              <value>
                <![CDATA[IE]]>
              </value>
            </param>
          </params>
          <reporter-output>
          </reporter-output>
        </test-method> <!-- setupMetod -->
        <test-method signature="step2(java.lang.reflect.Method)[pri:0, instance:TestCases.TC1@57175e74]" started-at="2019-12-04T04:16:24Z" name="step2" finished-at="2019-12-04T04:16:25Z" duration-ms="739" status="PASS">
          <params>
            <param index="0">
              <value>
                <![CDATA[public void TestCases.TC1.step2(java.lang.reflect.Method)]]>
              </value>
            </param>
          </params>
          <reporter-output>
          </reporter-output>
        </test-method> <!-- step2 -->
        <test-method is-config="true" signature="teardownMetod(org.testng.ITestResult)[pri:0, instance:TestCases.TC1@57175e74]" started-at="2019-12-04T04:16:25Z" name="teardownMetod" finished-at="2019-12-04T04:16:25Z" duration-ms="602" status="PASS">
          <params>
            <param index="0">
              <value>
                <![CDATA[[TestResult name=step2 status=SUCCESS method=TC1.step2(java.lang.reflect.Method)[pri:0, instance:TestCases.TC1@57175e74] output={null}]]]>
              </value>
            </param>
          </params>
          <reporter-output>
          </reporter-output>
        </test-method> <!-- teardownMetod -->
        <test-method is-config="true" signature="flushReport()[pri:0, instance:TestCases.TC1@57175e74]" started-at="2019-12-04T04:16:25Z" name="flushReport" finished-at="2019-12-04T04:16:25Z" duration-ms="0" status="PASS">
          <reporter-output>
          </reporter-output>
        </test-method> <!-- flushReport -->
        <test-method is-config="true" signature="teardownTest()[pri:0, instance:TestCases.TC1@57175e74]" started-at="2019-12-04T04:16:58Z" name="teardownTest" finished-at="2019-12-04T04:16:59Z" duration-ms="522" status="PASS">
          <reporter-output>
          </reporter-output>
        </test-method> <!-- teardownTest -->
      </class> <!-- TestCases.TC1 -->
    </test> <!-- IETest -->
    <test started-at="2019-12-04T04:15:46Z" name="CHTest" finished-at="2019-12-04T04:17:13Z" duration-ms="87081">
      <class name="TestCases.TC2">
        <test-method is-config="true" signature="beforeClass(org.testng.ITestContext)[pri:0, instance:TestCases.TC2@525b461a]" started-at="2019-12-04T04:16:30Z" name="beforeClass" finished-at="2019-12-04T04:16:30Z" duration-ms="1" status="PASS">
          <params>
            <param index="0">
              <value>
                <![CDATA[org.testng.TestRunner@77888435]]>
              </value>
            </param>
          </params>
          <reporter-output>
          </reporter-output>
        </test-method> <!-- beforeClass -->
        <test-method is-config="true" signature="setupMetod(java.lang.reflect.Method, java.lang.String)[pri:0, instance:TestCases.TC2@525b461a]" started-at="2019-12-04T04:16:30Z" name="setupMetod" finished-at="2019-12-04T04:16:48Z" duration-ms="17601" status="PASS">
          <params>
            <param index="0">
              <value>
                <![CDATA[public void TestCases.TC2.step1(java.lang.reflect.Method)]]>
              </value>
            </param>
            <param index="1">
              <value>
                <![CDATA[ch]]>
              </value>
            </param>
          </params>
          <reporter-output>
          </reporter-output>
        </test-method> <!-- setupMetod -->
        <test-method is-config="true" signature="teardownMetod(org.testng.ITestResult)[pri:0, instance:TestCases.TC2@525b461a]" started-at="2019-12-04T04:16:48Z" name="teardownMetod" finished-at="2019-12-04T04:16:53Z" duration-ms="4947" status="PASS">
          <params>
            <param index="0">
              <value>
                <![CDATA[[TestResult name=step1 status=SUCCESS method=TC2.step1(java.lang.reflect.Method)[pri:0, instance:TestCases.TC2@525b461a] output={null}]]]>
              </value>
            </param>
          </params>
          <reporter-output>
          </reporter-output>
        </test-method> <!-- teardownMetod -->
        <test-method signature="step1(java.lang.reflect.Method)[pri:0, instance:TestCases.TC2@525b461a]" started-at="2019-12-04T04:16:48Z" name="step1" finished-at="2019-12-04T04:16:48Z" duration-ms="0" status="PASS">
          <params>
            <param index="0">
              <value>
                <![CDATA[public void TestCases.TC2.step1(java.lang.reflect.Method)]]>
              </value>
            </param>
          </params>
          <reporter-output>
          </reporter-output>
        </test-method> <!-- step1 -->
        <test-method is-config="true" signature="setupMetod(java.lang.reflect.Method, java.lang.String)[pri:0, instance:TestCases.TC2@525b461a]" started-at="2019-12-04T04:16:53Z" name="setupMetod" finished-at="2019-12-04T04:17:06Z" duration-ms="13367" status="PASS">
          <params>
            <param index="0">
              <value>
                <![CDATA[public void TestCases.TC2.step2(java.lang.reflect.Method)]]>
              </value>
            </param>
            <param index="1">
              <value>
                <![CDATA[ch]]>
              </value>
            </param>
          </params>
          <reporter-output>
          </reporter-output>
        </test-method> <!-- setupMetod -->
        <test-method signature="step2(java.lang.reflect.Method)[pri:0, instance:TestCases.TC2@525b461a]" started-at="2019-12-04T04:17:06Z" name="step2" finished-at="2019-12-04T04:17:07Z" duration-ms="1270" status="PASS">
          <params>
            <param index="0">
              <value>
                <![CDATA[public void TestCases.TC2.step2(java.lang.reflect.Method)]]>
              </value>
            </param>
          </params>
          <reporter-output>
          </reporter-output>
        </test-method> <!-- step2 -->
        <test-method is-config="true" signature="teardownMetod(org.testng.ITestResult)[pri:0, instance:TestCases.TC2@525b461a]" started-at="2019-12-04T04:17:07Z" name="teardownMetod" finished-at="2019-12-04T04:17:13Z" duration-ms="5477" status="PASS">
          <params>
            <param index="0">
              <value>
                <![CDATA[[TestResult name=step2 status=SUCCESS method=TC2.step2(java.lang.reflect.Method)[pri:0, instance:TestCases.TC2@525b461a] output={null}]]]>
              </value>
            </param>
          </params>
          <reporter-output>
          </reporter-output>
        </test-method> <!-- teardownMetod -->
        <test-method is-config="true" signature="flushReport()[pri:0, instance:TestCases.TC2@525b461a]" started-at="2019-12-04T04:17:13Z" name="flushReport" finished-at="2019-12-04T04:17:13Z" duration-ms="1" status="PASS">
          <reporter-output>
          </reporter-output>
        </test-method> <!-- flushReport -->
      </class> <!-- TestCases.TC2 -->
      <class name="TestCases.TC1">
        <test-method is-config="true" signature="beforeClass(org.testng.ITestContext)[pri:0, instance:TestCases.TC1@6b1274d2]" started-at="2019-12-04T04:15:46Z" name="beforeClass" finished-at="2019-12-04T04:15:46Z" duration-ms="17" status="PASS">
          <params>
            <param index="0">
              <value>
                <![CDATA[org.testng.TestRunner@77888435]]>
              </value>
            </param>
          </params>
          <reporter-output>
          </reporter-output>
        </test-method> <!-- beforeClass -->
        <test-method is-config="true" signature="setupMetod(java.lang.reflect.Method, java.lang.String)[pri:0, instance:TestCases.TC1@6b1274d2]" started-at="2019-12-04T04:15:46Z" name="setupMetod" finished-at="2019-12-04T04:16:02Z" duration-ms="15988" status="PASS">
          <params>
            <param index="0">
              <value>
                <![CDATA[public void TestCases.TC1.step1(java.lang.reflect.Method)]]>
              </value>
            </param>
            <param index="1">
              <value>
                <![CDATA[ch]]>
              </value>
            </param>
          </params>
          <reporter-output>
          </reporter-output>
        </test-method> <!-- setupMetod -->
        <test-method signature="step1(java.lang.reflect.Method)[pri:0, instance:TestCases.TC1@6b1274d2]" started-at="2019-12-04T04:16:02Z" name="step1" finished-at="2019-12-04T04:16:07Z" duration-ms="4375" status="PASS">
          <params>
            <param index="0">
              <value>
                <![CDATA[public void TestCases.TC1.step1(java.lang.reflect.Method)]]>
              </value>
            </param>
          </params>
          <reporter-output>
          </reporter-output>
        </test-method> <!-- step1 -->
        <test-method is-config="true" signature="teardownMetod(org.testng.ITestResult)[pri:0, instance:TestCases.TC1@6b1274d2]" started-at="2019-12-04T04:16:07Z" name="teardownMetod" finished-at="2019-12-04T04:16:08Z" duration-ms="1395" status="PASS">
          <params>
            <param index="0">
              <value>
                <![CDATA[[TestResult name=step1 status=SUCCESS method=TC1.step1(java.lang.reflect.Method)[pri:0, instance:TestCases.TC1@6b1274d2] output={null}]]]>
              </value>
            </param>
          </params>
          <reporter-output>
          </reporter-output>
        </test-method> <!-- teardownMetod -->
        <test-method is-config="true" signature="setupMetod(java.lang.reflect.Method, java.lang.String)[pri:0, instance:TestCases.TC1@6b1274d2]" started-at="2019-12-04T04:16:08Z" name="setupMetod" finished-at="2019-12-04T04:16:23Z" duration-ms="14530" status="PASS">
          <params>
            <param index="0">
              <value>
                <![CDATA[public void TestCases.TC1.step2(java.lang.reflect.Method)]]>
              </value>
            </param>
            <param index="1">
              <value>
                <![CDATA[ch]]>
              </value>
            </param>
          </params>
          <reporter-output>
          </reporter-output>
        </test-method> <!-- setupMetod -->
        <test-method signature="step2(java.lang.reflect.Method)[pri:0, instance:TestCases.TC1@6b1274d2]" started-at="2019-12-04T04:16:23Z" name="step2" finished-at="2019-12-04T04:16:25Z" duration-ms="1898" status="PASS">
          <params>
            <param index="0">
              <value>
                <![CDATA[public void TestCases.TC1.step2(java.lang.reflect.Method)]]>
              </value>
            </param>
          </params>
          <reporter-output>
          </reporter-output>
        </test-method> <!-- step2 -->
        <test-method is-config="true" signature="teardownMetod(org.testng.ITestResult)[pri:0, instance:TestCases.TC1@6b1274d2]" started-at="2019-12-04T04:16:25Z" name="teardownMetod" finished-at="2019-12-04T04:16:30Z" duration-ms="5650" status="PASS">
          <params>
            <param index="0">
              <value>
                <![CDATA[[TestResult name=step2 status=SUCCESS method=TC1.step2(java.lang.reflect.Method)[pri:0, instance:TestCases.TC1@6b1274d2] output={null}]]]>
              </value>
            </param>
          </params>
          <reporter-output>
          </reporter-output>
        </test-method> <!-- teardownMetod -->
        <test-method is-config="true" signature="flushReport()[pri:0, instance:TestCases.TC1@6b1274d2]" started-at="2019-12-04T04:16:30Z" name="flushReport" finished-at="2019-12-04T04:16:30Z" duration-ms="0" status="PASS">
          <reporter-output>
          </reporter-output>
        </test-method> <!-- flushReport -->
        <test-method is-config="true" signature="teardownTest()[pri:0, instance:TestCases.TC1@6b1274d2]" started-at="2019-12-04T04:17:13Z" name="teardownTest" finished-at="2019-12-04T04:17:13Z" duration-ms="527" status="PASS">
          <reporter-output>
          </reporter-output>
        </test-method> <!-- teardownTest -->
      </class> <!-- TestCases.TC1 -->
    </test> <!-- CHTest -->
  </suite> <!-- Suite -->
</testng-results>
